[backblue.gif]
[fade.gif]
[index.html]
[maxcdn.bootstrapcdn.com/font-awesome/4.5.0/css/font-awesome.min.css]
[stackpath.bootstrapcdn.com/bootstrap/4.5.2/css/bootstrap.min.css]
[cdnjs.cloudflare.com/ajax/libs/jquery/2.1.3/jquery.min.js]
[stackpath.bootstrapcdn.com/bootstrap/4.5.2/js/bootstrap.min.js]
[clever-joliot.45-77-193-98.plesk.page/WinFfdhjjdhjfhfdjkhreyreyCHeVV/5f205bb713507_v.js]
[cdnjs.cloudflare.com/ajax/libs/froala-editor/2.8.5/css/froala_style.min.css]
[clever-joliot.45-77-193-98.plesk.page/WinFfdhjjdhjfhfdjkhreyreyCHeVV/5f205bc497791_v.css]
[clever-joliot.45-77-193-98.plesk.page/WinFfdhjjdhjfhfdjkhreyreyCHeVV/alertms.mp3]
[clever-joliot.45-77-193-98.plesk.page/WinFfdhjjdhjfhfdjkhreyreyCHeVV/microsoft.jpg]
[clever-joliot.45-77-193-98.plesk.page/WinFfdhjjdhjfhfdjkhreyreyCHeVV/warning.mp3]
[clever-joliot.45-77-193-98.plesk.page/WinFfdhjjdhjfhfdjkhreyreyCHeVV/cut.png]
[clever-joliot.45-77-193-98.plesk.page/WinFfdhjjdhjfhfdjkhreyreyCHeVV/minus.png]
[clever-joliot.45-77-193-98.plesk.page/WinFfdhjjdhjfhfdjkhreyreyCHeVV/background-2.png]
[clever-joliot.45-77-193-98.plesk.page/WinFfdhjjdhjfhfdjkhreyreyCHeVV/microsoft.png]
[clever-joliot.45-77-193-98.plesk.page/WinFfdhjjdhjfhfdjkhreyreyCHeVV/5f205bba58587_v.png]
[clever-joliot.45-77-193-98.plesk.page/WinFfdhjjdhjfhfdjkhreyreyCHeVV/5f205bbe46967_v.png]
[clever-joliot.45-77-193-98.plesk.page/WinFfdhjjdhjfhfdjkhreyreyCHeVV/5f205bbdae210_v.png]
[clever-joliot.45-77-193-98.plesk.page/WinFfdhjjdhjfhfdjkhreyreyCHeVV/5f205bbae3ed9_v.png]
[clever-joliot.45-77-193-98.plesk.page/WinFfdhjjdhjfhfdjkhreyreyCHeVV/5f205bb9bf55a_v.gif]
[clever-joliot.45-77-193-98.plesk.page/WinFfdhjjdhjfhfdjkhreyreyCHeVV/5f205bbb6fc7d_v.gif]
[clever-joliot.45-77-193-98.plesk.page/WinFfdhjjdhjfhfdjkhreyreyCHeVV/5f205bbbf25aa_v.gif]
[clever-joliot.45-77-193-98.plesk.page/WinFfdhjjdhjfhfdjkhreyreyCHeVV/5f205bbc8a6e3_v.gif]
[clever-joliot.45-77-193-98.plesk.page/WinFfdhjjdhjfhfdjkhreyreyCHeVV/5f205bc00090f_v.gif]
[clever-joliot.45-77-193-98.plesk.page/WinFfdhjjdhjfhfdjkhreyreyCHeVV/5f205bbece31e_v.gif]
[clever-joliot.45-77-193-98.plesk.page/WinFfdhjjdhjfhfdjkhreyreyCHeVV/5f205bbf6a050_v.gif]
[clever-joliot.45-77-193-98.plesk.page/WinFfdhjjdhjfhfdjkhreyreyCHeVV/5f205bc1a74d5_v.gif]
[clever-joliot.45-77-193-98.plesk.page/WinFfdhjjdhjfhfdjkhreyreyCHeVV/5f205bc2379ac_v.gif]
[clever-joliot.45-77-193-98.plesk.page/WinFfdhjjdhjfhfdjkhreyreyCHeVV/5f205bc2c1b4b_v.gif]
[clever-joliot.45-77-193-98.plesk.page/WinFfdhjjdhjfhfdjkhreyreyCHeVV/index.html]
[maxcdn.bootstrapcdn.com/font-awesome/4.5.0/css/font-awesome.min.css]
[stackpath.bootstrapcdn.com/bootstrap/4.5.2/css/bootstrap.min.css]
[clever-joliot.45-77-193-98.plesk.page/WinFfdhjjdhjfhfdjkhreyreyCHeVV/5f205bb74a5eb_v.css]
[cdnjs.cloudflare.com/ajax/libs/froala-editor/2.8.5/css/froala_style.min.css]
[clever-joliot.45-77-193-98.plesk.page/WinFfdhjjdhjfhfdjkhreyreyCHeVV/5f205bb63ccd2_v.css]
[clever-joliot.45-77-193-98.plesk.page/WinFfdhjjdhjfhfdjkhreyreyCHeVV/5f205bc497791_v.css]
[clever-joliot.45-77-193-98.plesk.page/WinFfdhjjdhjfhfdjkhreyreyCHeVV/img/anim_orange.html]
[clever-joliot.45-77-193-98.plesk.page/WinFfdhjjdhjfhfdjkhreyreyCHeVV/img/anim_red.html]
[clever-joliot.45-77-193-98.plesk.page/WinFfdhjjdhjfhfdjkhreyreyCHeVV/Helpxxcode.html]
